<?xml version="1.0" encoding="UTF-8"?>
<!-- Generated by org.testng.reporters.JUnitReportReporter -->
<testsuite hostname="user" name="Events.New" tests="1" failures="0" timestamp="9 Dec 2016 01:05:30 GMT" time="31.151" errors="0">
  <testcase name="abc" time="31.151" classname="Events.New"/>
</testsuite> <!-- Events.New -->
