<?xml version="1.0" encoding="UTF-8"?>
<!-- Generated by org.testng.reporters.JUnitReportReporter -->
<testsuite hostname="user" name="Events.DragAndDrop" tests="1" failures="0" timestamp="8 Dec 2016 23:18:07 GMT" time="22.303" errors="0">
  <testcase name="cde" time="22.303" classname="Events.DragAndDrop"/>
</testsuite> <!-- Events.DragAndDrop -->
