<?xml version="1.0" encoding="UTF-8"?>
<!-- Generated by org.testng.reporters.JUnitReportReporter -->
<testsuite hostname="user" name="Events.LinksDemo" tests="1" failures="0" timestamp="10 Dec 2016 02:53:19 GMT" time="19.264" errors="0">
  <testcase name="test" time="19.264" classname="Events.LinksDemo"/>
</testsuite> <!-- Events.LinksDemo -->
