<?xml version="1.0" encoding="UTF-8"?>
<!-- Generated by org.testng.reporters.JUnitReportReporter -->
<testsuite hostname="user" name="Events.DragDrop" tests="1" failures="0" timestamp="8 Dec 2016 23:03:20 GMT" time="29.303" errors="0">
  <testcase name="testDragNDrop" time="29.303" classname="Events.DragDrop"/>
</testsuite> <!-- Events.DragDrop -->
