<?xml version="1.0" encoding="UTF-8"?>
<!-- Generated by org.testng.reporters.JUnitReportReporter -->
<testsuite hostname="user" name="anu.alert" tests="1" failures="0" timestamp="21 Jan 2017 23:55:58 GMT" time="49.800" errors="0">
  <testcase name="test" time="49.800" classname="anu.alert"/>
</testsuite> <!-- anu.alert -->
