<?xml version="1.0" encoding="UTF-8"?>
<!-- Generated by org.testng.reporters.JUnitReportReporter -->
<testsuite hostname="user" name="anusha.DataExportToPoi" tests="1" failures="0" timestamp="10 Dec 2016 00:00:22 GMT" time="31.300" errors="0">
  <testcase name="test" time="31.300" classname="anusha.DataExportToPoi"/>
</testsuite> <!-- anusha.DataExportToPoi -->
