<?xml version="1.0" encoding="UTF-8"?>
<!-- Generated by org.testng.reporters.JUnitReportReporter -->
<testsuite hostname="user" name="anu.MouseActions" tests="1" failures="0" timestamp="9 Jan 2017 22:25:19 GMT" time="27.500" errors="0">
  <testcase name="test" time="27.500" classname="anu.MouseActions"/>
</testsuite> <!-- anu.MouseActions -->
