<?xml version="1.0" encoding="UTF-8"?>
<!-- Generated by org.testng.reporters.JUnitReportReporter -->
<testsuite hostname="user" name="Events.MultipleWindows" tests="1" failures="0" timestamp="12 Dec 2016 04:31:03 GMT" time="40.364" errors="0">
  <testcase name="test" time="40.364" classname="Events.MultipleWindows"/>
</testsuite> <!-- Events.MultipleWindows -->
