<?xml version="1.0" encoding="UTF-8"?>
<!-- Generated by org.testng.reporters.JUnitReportReporter -->
<testsuite hostname="user" name="WriteDataXsl" tests="1" failures="0" timestamp="5 Dec 2016 22:28:57 GMT" time="9.858" errors="0">
  <testcase name="cde" time="9.858" classname="WriteDataXsl"/>
</testsuite> <!-- WriteDataXsl -->
